::1 - - [19/Nov/2025:09:07:26 +0000] "GET /favicon.ico HTTP/1.1" 404 150
::1 - - [19/Nov/2025:09:09:37 +0000] "GET /users HTTP/1.1" 200 83
::1 - - [19/Nov/2025:09:10:03 +0000] "GET /users/1 HTTP/1.1" 200 83
::1 - - [19/Nov/2025:09:10:12 +0000] "GET /users/1 HTTP/1.1" 304 -
::1 - - [19/Nov/2025:09:11:04 +0000] "GET /users/1 HTTP/1.1" 304 -
::1 - - [19/Nov/2025:09:11:41 +0000] "GET /users/1 HTTP/1.1" 304 -
::1 - - [19/Nov/2025:09:11:44 +0000] "GET /users/1 HTTP/1.1" 304 -
::1 - - [19/Nov/2025:09:12:11 +0000] "GET /users/1 HTTP/1.1" 200 41
::1 - - [19/Nov/2025:10:36:26 +0000] "POST / HTTP/1.1" 404 140
::1 - - [19/Nov/2025:10:42:40 +0000] "POST /users HTTP/1.1" 200 44
::1 - - [19/Nov/2025:10:43:08 +0000] "DELETE /users/1 HTTP/1.1" 500 30
::1 - - [19/Nov/2025:10:43:38 +0000] "DELETE /users/1 HTTP/1.1" 200 41
::1 - - [19/Nov/2025:11:30:45 +0000] "GET /users HTTP/1.1" 200 172
::1 - - [21/Nov/2025:08:55:01 +0000] "POST / HTTP/1.1" 404 140
::1 - - [21/Nov/2025:08:56:04 +0000] "POST / HTTP/1.1" 400 95
::1 - - [21/Nov/2025:08:56:33 +0000] "POST / HTTP/1.1" 404 140
::1 - - [21/Nov/2025:08:58:48 +0000] "POST /users/ HTTP/1.1" 400 32
::1 - - [21/Nov/2025:08:59:20 +0000] "POST /users/ HTTP/1.1" 400 32
::1 - - [21/Nov/2025:08:59:38 +0000] "POST /users/ HTTP/1.1" 400 32
::1 - - [21/Nov/2025:09:00:16 +0000] "POST /users/ HTTP/1.1" 400 32
::1 - - [21/Nov/2025:09:01:45 +0000] "POST /users/ HTTP/1.1" 400 32
::1 - - [21/Nov/2025:09:03:39 +0000] "POST /users/ HTTP/1.1" 400 32
::1 - - [21/Nov/2025:09:03:46 +0000] "POST /users/ HTTP/1.1" 400 32
::1 - - [21/Nov/2025:09:04:47 +0000] "POST /users/ HTTP/1.1" 400 32
::1 - - [21/Nov/2025:09:05:15 +0000] "POST /users/ HTTP/1.1" 400 32
::1 - - [21/Nov/2025:09:06:49 +0000] "POST /users/ HTTP/1.1" 201 843
::1 - - [21/Nov/2025:09:07:06 +0000] "POST /users/ HTTP/1.1" 500 235
::1 - - [21/Nov/2025:09:07:42 +0000] "POST /users/ HTTP/1.1" 201 843
::1 - - [21/Nov/2025:09:12:59 +0000] "POST /users/ HTTP/1.1" 500 30
::1 - - [21/Nov/2025:09:13:24 +0000] "POST /users/ HTTP/1.1" 201 843
::1 - - [21/Nov/2025:09:13:36 +0000] "POST /users/ HTTP/1.1" 500 30
::1 - - [21/Nov/2025:09:13:40 +0000] "POST /users/ HTTP/1.1" 500 30
::1 - - [21/Nov/2025:09:15:51 +0000] "POST /users/ HTTP/1.1" 500 30
::1 - - [21/Nov/2025:09:18:05 +0000] "POST /users/ HTTP/1.1" 500 47
::1 - - [21/Nov/2025:09:18:59 +0000] "POST /users/ HTTP/1.1" 400 67
::1 - - [21/Nov/2025:09:21:38 +0000] "POST /users/ HTTP/1.1" 201 843
::1 - - [21/Nov/2025:09:54:21 +0000] "POST /users/ HTTP/1.1" 500 99
::1 - - [21/Nov/2025:09:54:59 +0000] "POST /users/ HTTP/1.1" 500 99
::1 - - [21/Nov/2025:09:55:52 +0000] "POST /users/ HTTP/1.1" 201 -
::1 - - [21/Nov/2025:09:59:22 +0000] "POST /users/ HTTP/1.1" 500 81
::1 - - [21/Nov/2025:09:59:52 +0000] "POST /users/ HTTP/1.1" 500 81
::1 - - [21/Nov/2025:10:00:01 +0000] "POST /users/ HTTP/1.1" 500 81
::1 - - [21/Nov/2025:10:09:12 +0000] "POST /users/ HTTP/1.1" 500 175
::1 - - [21/Nov/2025:10:12:40 +0000] "POST /users/ HTTP/1.1" 500 81
::1 - - [21/Nov/2025:10:13:16 +0000] "POST /users/ HTTP/1.1" 500 66
::1 - - [21/Nov/2025:10:17:07 +0000] "POST /users/ HTTP/1.1" 400 31
::1 - - [21/Nov/2025:10:26:37 +0000] "POST /users/ HTTP/1.1" 400 31
::1 - - [21/Nov/2025:10:26:44 +0000] "POST /users/ HTTP/1.1" 500 81
::1 - - [21/Nov/2025:10:34:46 +0000] "POST /users/ HTTP/1.1" 400 31
::1 - - [21/Nov/2025:10:35:19 +0000] "POST /users/ HTTP/1.1" 400 31
::1 - - [21/Nov/2025:10:35:55 +0000] "POST /users/ HTTP/1.1" 500 81
::1 - - [21/Nov/2025:10:37:49 +0000] "POST /users/ HTTP/1.1" 500 67
::1 - - [21/Nov/2025:10:38:12 +0000] "POST /users/ HTTP/1.1" 400 31
::1 - - [21/Nov/2025:10:38:16 +0000] "POST /users/ HTTP/1.1" 201 912
::1 - - [21/Nov/2025:10:38:31 +0000] "POST /users/ HTTP/1.1" 400 31
::1 - - [21/Nov/2025:10:38:36 +0000] "POST /users/ HTTP/1.1" 201 236
::1 - - [21/Nov/2025:10:39:29 +0000] "POST /users/ HTTP/1.1" 400 31
::1 - - [21/Nov/2025:10:39:33 +0000] "POST /users/ HTTP/1.1" 500 81
::1 - - [21/Nov/2025:10:40:25 +0000] "POST /users/ HTTP/1.1" 201 22
::1 - - [21/Nov/2025:11:11:46 +0000] "POST /login/ HTTP/1.1" 500 31
::1 - - [21/Nov/2025:11:13:15 +0000] "POST /login/ HTTP/1.1" 500 41
::1 - - [21/Nov/2025:11:13:40 +0000] "POST /login/ HTTP/1.1" 500 41
::1 - - [21/Nov/2025:11:14:24 +0000] "POST /login/ HTTP/1.1" 500 44
::1 - - [21/Nov/2025:11:17:30 +0000] "POST /login/ HTTP/1.1" 500 46
::1 - - [21/Nov/2025:11:19:19 +0000] "POST /login/ HTTP/1.1" 500 63
::1 - - [21/Nov/2025:11:19:55 +0000] "POST /login/ HTTP/1.1" 500 63
::1 - - [21/Nov/2025:11:20:35 +0000] "POST /login/ HTTP/1.1" 200 17
::1 - - [21/Nov/2025:11:23:25 +0000] "POST /login/ HTTP/1.1" 200 26
::1 - - [21/Nov/2025:12:01:10 +0000] "GET /favicon.ico HTTP/1.1" 404 150
::1 - - [15/Dec/2025:08:40:24 +0000] "POST /login HTTP/1.1" 200 26
::1 - - [15/Dec/2025:08:41:05 +0000] "POST /login HTTP/1.1" 500 30
::1 - - [15/Dec/2025:08:41:55 +0000] "POST /login HTTP/1.1" 500 30
::1 - - [15/Dec/2025:08:42:11 +0000] "POST /login HTTP/1.1" 500 33
::1 - - [15/Dec/2025:08:42:48 +0000] "POST /login HTTP/1.1" 200 17
::1 - - [15/Dec/2025:08:43:44 +0000] "POST /login HTTP/1.1" 200 177
::1 - - [15/Dec/2025:08:58:11 +0000] "POST /users HTTP/1.1" 400 32
::1 - - [15/Dec/2025:08:59:41 +0000] "POST /users/ HTTP/1.1" 400 32
::1 - - [15/Dec/2025:08:59:42 +0000] "POST /users/ HTTP/1.1" 400 32
::1 - - [15/Dec/2025:09:04:57 +0000] "POST /users/ HTTP/1.1" 400 32
::1 - - [15/Dec/2025:09:05:51 +0000] "POST /users/ HTTP/1.1" 400 32
::1 - - [15/Dec/2025:09:06:12 +0000] "POST /users/ HTTP/1.1" 400 32
::1 - - [15/Dec/2025:09:07:27 +0000] "POST /users/ HTTP/1.1" 400 32
::1 - - [15/Dec/2025:09:08:11 +0000] "POST /users/ HTTP/1.1" 400 32
::1 - - [15/Dec/2025:09:08:28 +0000] "POST /users/ HTTP/1.1" 201 22
::1 - - [15/Dec/2025:09:09:15 +0000] "POST /login HTTP/1.1" 400 91
::1 - - [15/Dec/2025:09:09:22 +0000] "POST /login HTTP/1.1" 200 197
::1 - - [15/Dec/2025:09:21:51 +0000] "POST /login HTTP/1.1" 200 197
::1 - - [15/Dec/2025:09:23:12 +0000] "POST /login HTTP/1.1" 200 197
::1 - - [15/Dec/2025:10:39:01 +0000] "GET /users/LrZnjhrRV5ngL4R3nWHU HTTP/1.1" 403 9
::1 - - [15/Dec/2025:10:40:11 +0000] "POST /login HTTP/1.1" 200 197
::1 - - [15/Dec/2025:10:40:20 +0000] "GET /users/LrZnjhrRV5ngL4R3nWHU HTTP/1.1" 403 9
::1 - - [15/Dec/2025:10:43:11 +0000] "GET /users/LrZnjhrRV5ngL4R3nWHU HTTP/1.1" 200 193
::1 - - [15/Dec/2025:11:04:55 +0000] "POST /login/refresh HTTP/1.1" 500 91
::1 - - [15/Dec/2025:11:10:17 +0000] "POST /login/refresh HTTP/1.1" 500 64
::1 - - [15/Dec/2025:11:11:47 +0000] "POST /login/refresh HTTP/1.1" 500 64
::1 - - [15/Dec/2025:11:12:48 +0000] "POST /login/refresh HTTP/1.1" 500 64
::1 - - [15/Dec/2025:11:14:40 +0000] "POST /login/refresh HTTP/1.1" 500 64
::1 - - [15/Dec/2025:11:15:02 +0000] "POST /login HTTP/1.1" 200 197
::1 - - [15/Dec/2025:11:15:20 +0000] "POST /login/refresh HTTP/1.1" - -
::1 - - [15/Dec/2025:11:15:56 +0000] "POST /login HTTP/1.1" 200 197
::1 - - [15/Dec/2025:11:16:24 +0000] "POST /login/refresh HTTP/1.1" - -
::1 - - [15/Dec/2025:11:17:15 +0000] "POST /login/refresh HTTP/1.1" - -
::1 - - [15/Dec/2025:11:17:50 +0000] "POST /login/refresh HTTP/1.1" 200 202
::1 - - [28/Dec/2025:15:24:11 +0000] "POST /api/register/ HTTP/1.1" 404 153
::1 - - [28/Dec/2025:15:27:04 +0000] "POST /api/auth/register HTTP/1.1" 400 32
::1 - - [28/Dec/2025:15:27:06 +0000] "POST /api/auth/register HTTP/1.1" 400 32
::1 - - [28/Dec/2025:15:30:34 +0000] "POST /api/auth/register HTTP/1.1" 201 22
::1 - - [28/Dec/2025:15:33:18 +0000] "POST /api/auth/register HTTP/1.1" 201 22
::1 - - [28/Dec/2025:15:34:03 +0000] "POST /api/auth/register HTTP/1.1" 201 22
::1 - - [28/Dec/2025:15:34:41 +0000] "POST /api/auth/register HTTP/1.1" 201 22
::1 - - [28/Dec/2025:15:35:33 +0000] "POST /api/auth/register HTTP/1.1" 201 22
::1 - - [28/Dec/2025:15:36:20 +0000] "POST /api/auth/register HTTP/1.1" 201 22
::1 - - [28/Dec/2025:15:43:19 +0000] "GET /api HTTP/1.1" 200 1135
::1 - - [28/Dec/2025:15:49:50 +0000] "POST /api/auth/login HTTP/1.1" 500 83
::1 - - [28/Dec/2025:15:54:10 +0000] "POST /api/auth/login HTTP/1.1" 500 83
::1 - - [28/Dec/2025:15:56:32 +0000] "POST /api/auth/login HTTP/1.1" 404 28
::1 - - [28/Dec/2025:15:56:55 +0000] "POST /api/auth/register HTTP/1.1" 400 31
::1 - - [28/Dec/2025:15:57:11 +0000] "POST /api/auth/register HTTP/1.1" 400 31
::1 - - [28/Dec/2025:15:57:52 +0000] "POST /api/auth/register HTTP/1.1" 400 31
::1 - - [28/Dec/2025:15:58:07 +0000] "POST /api/auth/login HTTP/1.1" 404 28
::1 - - [28/Dec/2025:16:05:45 +0000] "POST /api/auth/login HTTP/1.1" 404 28
::1 - - [28/Dec/2025:16:06:36 +0000] "POST /api/auth/login HTTP/1.1" 404 28
::1 - - [28/Dec/2025:16:11:49 +0000] "POST /api/auth/login HTTP/1.1" 404 28
::1 - - [28/Dec/2025:16:14:30 +0000] "POST /api/auth/register HTTP/1.1" 201 22
::1 - - [28/Dec/2025:16:15:33 +0000] "POST /api HTTP/1.1" 500 83
::1 - - [28/Dec/2025:16:15:48 +0000] "GET /api HTTP/1.1" 200 1212
::1 - - [28/Dec/2025:16:18:26 +0000] "POST /api/auth/login HTTP/1.1" 404 28
::1 - - [28/Dec/2025:16:27:38 +0000] "POST /api/auth/login HTTP/1.1" 404 28
::1 - - [28/Dec/2025:16:28:10 +0000] "POST /api/auth/login HTTP/1.1" 404 28
::1 - - [28/Dec/2025:16:34:01 +0000] "POST /api/auth/login HTTP/1.1" 404 28
::1 - - [28/Dec/2025:16:44:01 +0000] "POST /api/auth/login HTTP/1.1" 404 28
::1 - - [28/Dec/2025:16:44:06 +0000] "POST /api/auth/login HTTP/1.1" 404 28
::1 - - [28/Dec/2025:16:47:27 +0000] "POST /api/auth/login HTTP/1.1" 404 28
::1 - - [28/Dec/2025:17:06:13 +0000] "POST /api/auth/login HTTP/1.1" 404 28
::1 - - [28/Dec/2025:17:07:30 +0000] "POST /api/auth/login HTTP/1.1" 404 28
::1 - - [28/Dec/2025:17:58:58 +0000] "POST /api/auth/register HTTP/1.1" 201 22
::1 - - [28/Dec/2025:17:59:15 +0000] "GET /api/users HTTP/1.1" 200 1387
::1 - - [28/Dec/2025:17:59:35 +0000] "POST /api/auth/login HTTP/1.1" 404 28
::1 - - [28/Dec/2025:18:03:50 +0000] "POST /api/auth/login HTTP/1.1" 200 177
::1 - - [28/Dec/2025:18:11:07 +0000] "POST /api/auth/refresh HTTP/1.1" 200 182
::1 - - [28/Dec/2025:18:16:03 +0000] "POST /api/authors HTTP/1.1" 401 12
::1 - - [28/Dec/2025:18:18:20 +0000] "POST /api/authors HTTP/1.1" 401 12
::1 - - [28/Dec/2025:18:19:03 +0000] "POST /api/authors HTTP/1.1" 401 12
::1 - - [28/Dec/2025:18:42:16 +0000] "GET /api/users HTTP/1.1" 200 1387
::1 - - [28/Dec/2025:18:42:46 +0000] "POST /api/auth/login HTTP/1.1" 200 177
::1 - - [28/Dec/2025:18:43:17 +0000] "POST /api/authors HTTP/1.1" 201 22
::1 - - [28/Dec/2025:18:44:13 +0000] "POST /api/authors HTTP/1.1" 201 22
::1 - - [28/Dec/2025:18:44:34 +0000] "POST /api/authors HTTP/1.1" 201 22
::1 - - [28/Dec/2025:18:45:18 +0000] "POST /api/authors HTTP/1.1" 201 22
::1 - - [28/Dec/2025:18:45:44 +0000] "POST /api/authors HTTP/1.1" 201 22
::1 - - [28/Dec/2025:18:46:13 +0000] "POST /api/authors HTTP/1.1" 201 22
::1 - - [28/Dec/2025:18:47:37 +0000] "GET /api/authors HTTP/1.1" 200 1057
::1 - - [28/Dec/2025:18:56:40 +0000] "POST /api/books HTTP/1.1" 403 9
::1 - - [28/Dec/2025:18:58:05 +0000] "POST /api/auth/login HTTP/1.1" 200 177
::1 - - [28/Dec/2025:18:58:42 +0000] "POST /api/books HTTP/1.1" 500 48
::1 - - [28/Dec/2025:18:59:30 +0000] "POST /api/books HTTP/1.1" 500 48
::1 - - [28/Dec/2025:18:59:51 +0000] "POST /api/books HTTP/1.1" 500 48
::1 - - [28/Dec/2025:19:00:06 +0000] "POST /api/books HTTP/1.1" 500 32
::1 - - [28/Dec/2025:19:00:27 +0000] "POST /api/books HTTP/1.1" 500 48
::1 - - [28/Dec/2025:19:00:47 +0000] "POST /api/books HTTP/1.1" 500 48
::1 - - [28/Dec/2025:19:01:39 +0000] "POST /api/books HTTP/1.1" 500 48
::1 - - [28/Dec/2025:19:05:14 +0000] "POST /api/books HTTP/1.1" 500 48
::1 - - [28/Dec/2025:19:07:39 +0000] "POST /api/books HTTP/1.1" 201 22
::1 - - [28/Dec/2025:19:08:12 +0000] "POST /api/books HTTP/1.1" 403 9
::1 - - [28/Dec/2025:19:09:10 +0000] "POST /api/auth/refresh HTTP/1.1" 200 182
::1 - - [28/Dec/2025:19:10:02 +0000] "POST /api/books HTTP/1.1" 201 22
::1 - - [28/Dec/2025:19:10:27 +0000] "POST /api/books HTTP/1.1" 400 32
::1 - - [28/Dec/2025:19:10:58 +0000] "POST /api/books HTTP/1.1" 400 32
::1 - - [28/Dec/2025:19:12:07 +0000] "POST /api/books HTTP/1.1" 400 32
::1 - - [28/Dec/2025:19:12:43 +0000] "POST /api/books HTTP/1.1" 400 32
::1 - - [28/Dec/2025:19:12:56 +0000] "POST /api/books HTTP/1.1" 400 32
::1 - - [28/Dec/2025:19:13:14 +0000] "POST /api/books HTTP/1.1" 400 32
::1 - - [28/Dec/2025:19:13:57 +0000] "POST /api/books HTTP/1.1" 400 32
::1 - - [28/Dec/2025:19:16:10 +0000] "POST /api/books HTTP/1.1" 400 32
::1 - - [28/Dec/2025:19:18:14 +0000] "POST /api/books HTTP/1.1" 201 22
::1 - - [28/Dec/2025:19:18:48 +0000] "POST /api/books HTTP/1.1" 201 22
::1 - - [28/Dec/2025:19:19:11 +0000] "POST /api/books HTTP/1.1" 403 9
::1 - - [28/Dec/2025:19:19:25 +0000] "POST /api/auth/login HTTP/1.1" 200 177
::1 - - [28/Dec/2025:19:20:43 +0000] "POST /api/books HTTP/1.1" 201 22
::1 - - [28/Dec/2025:19:21:11 +0000] "POST /api/books HTTP/1.1" 400 32
::1 - - [28/Dec/2025:19:21:54 +0000] "POST /api/books HTTP/1.1" 400 32
::1 - - [28/Dec/2025:19:22:14 +0000] "POST /api/books HTTP/1.1" 201 22
::1 - - [28/Dec/2025:19:22:40 +0000] "POST /api/books HTTP/1.1" 400 31
::1 - - [28/Dec/2025:19:23:02 +0000] "POST /api/books HTTP/1.1" 400 31
::1 - - [28/Dec/2025:19:25:38 +0000] "GET /api/books HTTP/1.1" 200 2802
::1 - - [28/Dec/2025:19:26:07 +0000] "GET /api/books:a590d0fd-71b6-4335-911c-1337b94d212d HTTP/1.1" 404 185
::1 - - [28/Dec/2025:19:26:34 +0000] "GET /api/books HTTP/1.1" 200 2802
::1 - - [28/Dec/2025:19:27:12 +0000] "GET /api/books%20:%20%20%20%20%20%20%20%20%22id%22:%20%2237891c9f-4e50-45e7-bfa1-1c25e30ca735%22,%0A HTTP/1.1" 404 234
::1 - - [28/Dec/2025:19:27:29 +0000] "GET /api/books%20:%20%20%20%20%20%20%20%20%2237891c9f-4e50-45e7-bfa1-1c25e30ca735%22,%0A HTTP/1.1" 404 222
::1 - - [28/Dec/2025:19:27:50 +0000] "GET /api/books%20:%20%20%20%20%20%2037891c9f-4e50-45e7-bfa1-1c25e30ca735 HTTP/1.1" 404 206
::1 - - [28/Dec/2025:19:28:11 +0000] "GET /api/books HTTP/1.1" 200 2802
::1 - - [28/Dec/2025:19:29:08 +0000] "POST /api/books:%2037891c9f-4e50-45e7-bfa1-1c25e30ca735 HTTP/1.1" 404 189
::1 - - [28/Dec/2025:19:30:22 +0000] "POST /api/books/37891c9f-4e50-45e7-bfa1-1c25e30ca735 HTTP/1.1" 404 186
::1 - - [28/Dec/2025:19:31:52 +0000] "GET /api/books/37891c9f-4e50-45e7-bfa1-1c25e30ca735 HTTP/1.1" 500 112
::1 - - [28/Dec/2025:19:32:49 +0000] "GET /api/books/37891c9f-4e50-45e7-bfa1-1c25e30ca735 HTTP/1.1" 500 112
::1 - - [28/Dec/2025:20:15:55 +0000] "GET /api/books/37891c9f-4e50-45e7-bfa1-1c25e30ca735 HTTP/1.1" 500 112
::1 - - [28/Dec/2025:20:16:11 +0000] "GET /api/books/37891c9f-4e50-45e7-bfa1-1c25e30ca735 HTTP/1.1" 500 112
::1 - - [28/Dec/2025:21:06:06 +0000] "GET /api/books/37891c9f-4e50-45e7-bfa1-1c25e30ca735 HTTP/1.1" 500 112
::1 - - [28/Dec/2025:21:09:35 +0000] "GET /api/books/37891c9f-4e50-45e7-bfa1-1c25e30ca735 HTTP/1.1" 500 112
::1 - - [28/Dec/2025:21:09:38 +0000] "GET /api/books/37891c9f-4e50-45e7-bfa1-1c25e30ca735 HTTP/1.1" 500 112
::1 - - [28/Dec/2025:21:15:10 +0000] "GET /api/books/37891c9f-4e50-45e7-bfa1-1c25e30ca735 HTTP/1.1" 500 112
::1 - - [28/Dec/2025:22:03:32 +0000] "GET /api/books/37891c9f-4e50-45e7-bfa1-1c25e30ca735 HTTP/1.1" 500 112
::1 - - [28/Dec/2025:22:04:31 +0000] "GET /api/books/37891c9f-4e50-45e7-bfa1-1c25e30ca735 HTTP/1.1" 500 112
::1 - - [28/Dec/2025:22:05:19 +0000] "GET /api/books/37891c9f-4e50-45e7-bfa1-1c25e30ca735 HTTP/1.1" 404 31
::1 - - [28/Dec/2025:22:24:23 +0000] "POST /api/books HTTP/1.1" 403 9
::1 - - [28/Dec/2025:22:24:43 +0000] "POST /api/auth/login HTTP/1.1" 200 177
::1 - - [28/Dec/2025:22:25:21 +0000] "POST /api/books HTTP/1.1" 400 31
::1 - - [28/Dec/2025:22:29:42 +0000] "POST /api/books HTTP/1.1" 500 125
::1 - - [28/Dec/2025:22:30:41 +0000] "POST /api/books HTTP/1.1" 500 125
::1 - - [28/Dec/2025:22:34:21 +0000] "POST /api/books HTTP/1.1" 500 73
::1 - - [28/Dec/2025:22:35:38 +0000] "POST /api/books HTTP/1.1" 403 9
::1 - - [28/Dec/2025:22:35:51 +0000] "POST /api/auth/refresh HTTP/1.1" 200 182
::1 - - [28/Dec/2025:22:36:31 +0000] "POST /api/books HTTP/1.1" 500 73
::1 - - [28/Dec/2025:22:37:57 +0000] "POST /api/books HTTP/1.1" 500 73
::1 - - [28/Dec/2025:22:41:22 +0000] "POST /api/books HTTP/1.1" 500 73
::1 - - [28/Dec/2025:22:41:38 +0000] "GET /api/books/37891c9f-4e50-45e7-bfa1-1c25e30ca735 HTTP/1.1" 404 31
::1 - - [28/Dec/2025:22:41:44 +0000] "GET /api/books HTTP/1.1" 200 2802
::1 - - [28/Dec/2025:22:42:23 +0000] "POST /api/books HTTP/1.1" 500 73
::1 - - [28/Dec/2025:23:00:05 +0000] "GET /api/books/1476fdf5-7bc2-4982-b956-42863093fbef HTTP/1.1" 404 31
::1 - - [28/Dec/2025:23:00:58 +0000] "GET /api/books/1476fdf5-7bc2-4982-b956-42863093fbef HTTP/1.1" 404 31
::1 - - [28/Dec/2025:23:01:32 +0000] "GET /api/books/6BBmB03g9zUulvfDB2q6 HTTP/1.1" 200 301
::1 - - [28/Dec/2025:23:02:34 +0000] "POST /api/auth/login HTTP/1.1" 200 177
::1 - - [28/Dec/2025:23:03:18 +0000] "POST /api/books HTTP/1.1" 500 73
::1 - - [28/Dec/2025:23:04:11 +0000] "POST /api/books HTTP/1.1" 500 73
::1 - - [28/Dec/2025:23:08:01 +0000] "POST /api/books HTTP/1.1" 201 22
::1 - - [28/Dec/2025:23:08:51 +0000] "GET /api/books/NzPXrWoYoI8xOPful6OR HTTP/1.1" 200 278
::1 - - [28/Dec/2025:23:08:58 +0000] "GET /api/books/NzPXrWoYoI8xOPful6OR HTTP/1.1" 200 278
::1 - - [28/Dec/2025:23:12:03 +0000] "GET /api/books/NzPXrWoYoI8xOPful6OR HTTP/1.1" 200 278
::1 - - [28/Dec/2025:23:12:18 +0000] "DELETE /api/books/NzPXrWoYoI8xOPful6OR HTTP/1.1" 401 12
::1 - - [28/Dec/2025:23:12:29 +0000] "POST /api/auth/refresh HTTP/1.1" 200 182
::1 - - [28/Dec/2025:23:13:06 +0000] "DELETE /api/books/NzPXrWoYoI8xOPful6OR HTTP/1.1" 200 2
::1 - - [28/Dec/2025:23:13:30 +0000] "GET /api/books HTTP/1.1" 200 2802
::1 - - [28/Dec/2025:23:22:31 +0000] "GET /api/books/NzPXrWoYoI8xOPful6OR HTTP/1.1" 404 31
::1 - - [28/Dec/2025:23:23:42 +0000] "GET /api/books/NzPXrWoYoI8xOPful6OR HTTP/1.1" 404 31
::1 - - [28/Dec/2025:23:24:35 +0000] "GET /api/books/NzPXrWoYoI8xOPful6OR HTTP/1.1" 404 31
::1 - - [28/Dec/2025:23:24:43 +0000] "GET /api/books/NzPXrWoYoI8xOPful6OR HTTP/1.1" 404 31
::1 - - [28/Dec/2025:23:25:08 +0000] "GET /api/books/NzPXrWoYoI8xOPful6OR HTTP/1.1" 404 31
::1 - - [28/Dec/2025:23:25:31 +0000] "GET /api/books/I0wv2ZIUE6rIZgzkwjLF HTTP/1.1" 200 301
::1 - - [28/Dec/2025:23:26:11 +0000] "PUT /api/books/I0wv2ZIUE6rIZgzkwjLF HTTP/1.1" 403 9
::1 - - [28/Dec/2025:23:26:23 +0000] "POST /api/auth/refresh HTTP/1.1" 200 182
::1 - - [28/Dec/2025:23:27:05 +0000] "PUT /api/books/I0wv2ZIUE6rIZgzkwjLF HTTP/1.1" 400 79
::1 - - [28/Dec/2025:23:28:46 +0000] "PUT /api/books/I0wv2ZIUE6rIZgzkwjLF HTTP/1.1" 400 79
::1 - - [28/Dec/2025:23:28:48 +0000] "PUT /api/books/I0wv2ZIUE6rIZgzkwjLF HTTP/1.1" 400 79
::1 - - [28/Dec/2025:23:34:02 +0000] "PUT //api/books/37891c9f-4e50-45e7-bfa1-1c25e30ca735 HTTP/1.1" 404 186
::1 - - [28/Dec/2025:23:39:56 +0000] "PUT //api/books/37891c9f-4e50-45e7-bfa1-1c25e30ca735 HTTP/1.1" 404 186
::1 - - [28/Dec/2025:23:40:33 +0000] "PUT /api/books/37891c9f-4e50-45e7-bfa1-1c25e30ca735 HTTP/1.1" 403 9
::1 - - [28/Dec/2025:23:40:43 +0000] "POST /api/auth/refresh HTTP/1.1" 200 182
::1 - - [28/Dec/2025:23:41:22 +0000] "POST /api/auth/refresh HTTP/1.1" 200 182
::1 - - [28/Dec/2025:23:41:41 +0000] "PUT /api/books/37891c9f-4e50-45e7-bfa1-1c25e30ca735 HTTP/1.1" 403 9
::1 - - [28/Dec/2025:23:41:44 +0000] "PUT /api/books/37891c9f-4e50-45e7-bfa1-1c25e30ca735 HTTP/1.1" 403 9
::1 - - [28/Dec/2025:23:42:16 +0000] "PUT /api/books/37891c9f-4e50-45e7-bfa1-1c25e30ca735 HTTP/1.1" 404 31
::1 - - [28/Dec/2025:23:43:19 +0000] "PUT /api/books/I0wv2ZIUE6rIZgzkwjLF HTTP/1.1" 500 74
::1 - - [29/Dec/2025:07:04:22 +0000] "POST /api/auth/login HTTP/1.1" 200 177
::1 - - [29/Dec/2025:07:05:06 +0000] "PUT /api/books/I0wv2ZIUE6rIZgzkwjLF HTTP/1.1" 403 9
::1 - - [29/Dec/2025:07:05:18 +0000] "PUT /api/books/I0wv2ZIUE6rIZgzkwjLF HTTP/1.1" 403 9
::1 - - [29/Dec/2025:07:05:29 +0000] "POST /api/auth/login HTTP/1.1" 200 177
::1 - - [29/Dec/2025:07:06:05 +0000] "PUT /api/books/I0wv2ZIUE6rIZgzkwjLF HTTP/1.1" 200 22
::1 - - [29/Dec/2025:07:06:39 +0000] "GET /api/books HTTP/1.1" 200 2831
::1 - - [29/Dec/2025:07:10:30 +0000] "GET /api/authors HTTP/1.1" 200 1057
::1 - - [29/Dec/2025:07:11:28 +0000] "POST /api/authors HTTP/1.1" 403 9
::1 - - [29/Dec/2025:07:12:28 +0000] "POST /api/authors HTTP/1.1" 201 22
::1 - - [29/Dec/2025:07:15:42 +0000] "GET /api/authors/sdzOA2VuBuffqxDbLkfT HTTP/1.1" 200 177
::1 - - [29/Dec/2025:07:18:21 +0000] "PUT /api/authors/sdzOA2VuBuffqxDbLkfT HTTP/1.1" 403 9
::1 - - [29/Dec/2025:07:18:34 +0000] "POST /api/auth/refresh HTTP/1.1" 200 182
::1 - - [29/Dec/2025:07:18:39 +0000] "POST /api/auth/refresh HTTP/1.1" 200 182
::1 - - [29/Dec/2025:07:19:20 +0000] "PUT /api/authors/sdzOA2VuBuffqxDbLkfT HTTP/1.1" 403 9
::1 - - [29/Dec/2025:07:19:35 +0000] "POST /api/auth/refresh HTTP/1.1" 200 182
::1 - - [29/Dec/2025:07:20:16 +0000] "PUT /api/authors/sdzOA2VuBuffqxDbLkfT HTTP/1.1" 500 112
::1 - - [29/Dec/2025:07:27:32 +0000] "GET /api/authors HTTP/1.1" 200 1235
::1 - - [29/Dec/2025:07:28:07 +0000] "PUT /api/authors/sdzOA2VuBuffqxDbLkfT HTTP/1.1" 500 112
::1 - - [29/Dec/2025:07:28:47 +0000] "PUT /api/authors/dc1e6f60-2d77-4ad3-afbf-75b34f71616b HTTP/1.1" 500 112
::1 - - [29/Dec/2025:07:51:41 +0000] "POST /api/auth/login HTTP/1.1" 200 177
::1 - - [29/Dec/2025:07:54:44 +0000] "POST /api/auth/login HTTP/1.1" 200 177
::1 - - [29/Dec/2025:07:56:14 +0000] "GET /api/authors/sdzOA2VuBuffqxDbLkfT HTTP/1.1" 200 177
::1 - - [29/Dec/2025:07:56:37 +0000] "PUT /api/authors/dc1e6f60-2d77-4ad3-afbf-75b34f71616b HTTP/1.1" 403 9
::1 - - [29/Dec/2025:07:56:47 +0000] "POST /api/auth/login HTTP/1.1" 200 177
::1 - - [29/Dec/2025:07:56:50 +0000] "POST /api/auth/login HTTP/1.1" 200 177
::1 - - [29/Dec/2025:07:57:29 +0000] "PUT /api/authors/dc1e6f60-2d77-4ad3-afbf-75b34f71616b HTTP/1.1" 404 32
::1 - - [29/Dec/2025:07:58:18 +0000] "GET /api/authors HTTP/1.1" 200 1235
::1 - - [29/Dec/2025:08:00:34 +0000] "PUT /api/authors/sdzOA2VuBuffqxDbLkfT HTTP/1.1" 400 79
::1 - - [29/Dec/2025:08:01:25 +0000] "PUT /api/authors/dc1e6f60-2d77-4ad3-afbf-75b34f71616b HTTP/1.1" 404 32
::1 - - [29/Dec/2025:08:02:01 +0000] "PUT /api/authors/sdzOA2VuBuffqxDbLkfT HTTP/1.1" 400 79
::1 - - [29/Dec/2025:08:07:32 +0000] "PUT /api/authors/sdzOA2VuBuffqxDbLkfT HTTP/1.1" 403 9
::1 - - [29/Dec/2025:08:07:41 +0000] "POST /api/auth/login HTTP/1.1" 200 177
::1 - - [29/Dec/2025:08:08:44 +0000] "PUT /api/authors/sdzOA2VuBuffqxDbLkfT HTTP/1.1" 200 22
::1 - - [29/Dec/2025:08:11:04 +0000] "PUT /api/authors/sdzOA2VuBuffqxDbLkfT HTTP/1.1" 200 22
::1 - - [29/Dec/2025:08:11:23 +0000] "GET /api/authors HTTP/1.1" 200 1266
::1 - - [29/Dec/2025:08:13:32 +0000] "DELETE /api/authors/sdzOA2VuBuffqxDbLkfT HTTP/1.1" 401 12
::1 - - [29/Dec/2025:08:14:12 +0000] "POST /api/auth/login HTTP/1.1" 200 177
::1 - - [29/Dec/2025:08:14:59 +0000] "DELETE /api/authors/sdzOA2VuBuffqxDbLkfT HTTP/1.1" 500 51
::1 - - [29/Dec/2025:11:28:19 +0000] "POST /api/auth/login HTTP/1.1" 200 177
::1 - - [29/Dec/2025:11:33:06 +0000] "DELETE /api/authors/sdzOA2VuBuffqxDbLkfT HTTP/1.1" 500 51
::1 - - [29/Dec/2025:11:42:01 +0000] "DELETE /api/authors/cc9fadff-eacf-4e16-a854-05de7b1ec74a HTTP/1.1" 403 9
::1 - - [29/Dec/2025:11:42:10 +0000] "POST /api/auth/login HTTP/1.1" 200 177
::1 - - [29/Dec/2025:11:42:45 +0000] "DELETE /api/authors/cc9fadff-eacf-4e16-a854-05de7b1ec74a HTTP/1.1" 500 34
::1 - - [29/Dec/2025:11:43:35 +0000] "DELETE /api/authors/sdzOA2VuBuffqxDbLkfT HTTP/1.1" 500 34
::1 - - [29/Dec/2025:11:43:43 +0000] "DELETE /api/authors/sdzOA2VuBuffqxDbLkfT HTTP/1.1" 500 34
::1 - - [29/Dec/2025:11:46:16 +0000] "DELETE /api/authors/sdzOA2VuBuffqxDbLkfT HTTP/1.1" 500 34
::1 - - [29/Dec/2025:11:59:56 +0000] "POST /api/auth/login HTTP/1.1" 200 177
::1 - - [29/Dec/2025:12:00:50 +0000] "DELETE /api/authors/sdzOA2VuBuffqxDbLkfT HTTP/1.1" 500 60
::1 - - [29/Dec/2025:12:02:35 +0000] "DELETE /api/authors/sdzOA2VuBuffqxDbLkfT HTTP/1.1" 200 2
::1 - - [29/Dec/2025:12:04:59 +0000] "POST /api/auth/login HTTP/1.1" 200 177
::1 - - [29/Dec/2025:12:05:36 +0000] "POST /api/authors HTTP/1.1" 201 22
::1 - - [29/Dec/2025:12:06:01 +0000] "POST /api/authors HTTP/1.1" 201 22
::1 - - [29/Dec/2025:12:06:31 +0000] "POST /api/authors HTTP/1.1" 201 22
::1 - - [29/Dec/2025:12:06:51 +0000] "POST /api/authors HTTP/1.1" 201 22
::1 - - [29/Dec/2025:12:07:37 +0000] "DELETE /api/authors/4egdYxE5bEQ0362B6OZY HTTP/1.1" 200 2
::1 - - [29/Dec/2025:12:07:56 +0000] "GET /api/authors HTTP/1.1" 200 1685
::1 - - [29/Dec/2025:12:09:06 +0000] "PUT /api/authors/sdzOA2VuBuffqxDbLkfT HTTP/1.1" 403 9
::1 - - [29/Dec/2025:12:09:40 +0000] "PUT /api/authors/sdzOA2VuBuffqxDbLkfT HTTP/1.1" 404 32
::1 - - [29/Dec/2025:12:10:29 +0000] "PUT /api/authors/0kwpmvaH6LXwoEgU32Qu HTTP/1.1" 200 22
::1 - - [29/Dec/2025:13:00:44 +0000] "GET /api HTTP/1.1" 404 142
::1 - - [29/Dec/2025:13:01:11 +0000] "GET /api/authors HTTP/1.1" 200 1718
::1 - - [29/Dec/2025:13:01:11 +0000] "GET /favicon.ico HTTP/1.1" 404 150
::1 - - [29/Dec/2025:13:11:22 +0000] "GET /api/authors HTTP/1.1" 304 -
::1 - - [29/Dec/2025:13:11:41 +0000] "GET /api HTTP/1.1" 404 142
::1 - - [29/Dec/2025:13:14:29 +0000] "GET / HTTP/1.1" 404 139
::1 - - [29/Dec/2025:13:14:32 +0000] "GET / HTTP/1.1" 404 139
::1 - - [29/Dec/2025:14:28:36 +0000] "GET / HTTP/1.1" 404 139
::1 - - [29/Dec/2025:14:28:43 +0000] "GET / HTTP/1.1" 404 139
::1 - - [29/Dec/2025:14:28:57 +0000] "GET / HTTP/1.1" 404 139
::1 - - [29/Dec/2025:14:30:23 +0000] "GET /books HTTP/1.1" 404 144
::1 - - [29/Dec/2025:14:30:27 +0000] "GET /books HTTP/1.1" 404 144
::1 - - [29/Dec/2025:14:35:42 +0000] "GET /books HTTP/1.1" 404 144
::1 - - [29/Dec/2025:14:35:49 +0000] "GET / HTTP/1.1" 404 139
::1 - - [29/Dec/2025:14:36:02 +0000] "GET /api/ HTTP/1.1" 500 76
::1 - - [29/Dec/2025:14:36:31 +0000] "GET / HTTP/1.1" 500 76
::1 - - [29/Dec/2025:14:38:53 +0000] "GET / HTTP/1.1" 500 76
::1 - - [29/Dec/2025:14:45:10 +0000] "GET /api/books/books HTTP/1.1" 500 53
::1 - - [29/Dec/2025:14:45:17 +0000] "GET /api/books/books HTTP/1.1" 500 53
::1 - - [29/Dec/2025:14:49:04 +0000] "GET /api/books/books HTTP/1.1" 500 76
::1 - - [29/Dec/2025:15:20:52 +0000] "GET / HTTP/1.1" 200 221
::1 - - [29/Dec/2025:15:20:59 +0000] "GET /books HTTP/1.1" 404 144
::1 - - [29/Dec/2025:15:21:23 +0000] "GET /api/books/books HTTP/1.1" 200 2051
::1 - - [29/Dec/2025:15:22:00 +0000] "GET / HTTP/1.1" 304 -
::1 - - [29/Dec/2025:15:22:02 +0000] "GET /books HTTP/1.1" 404 144
::1 - - [29/Dec/2025:15:23:05 +0000] "GET / HTTP/1.1" 200 230
::1 - - [29/Dec/2025:15:23:08 +0000] "GET /api/books/books HTTP/1.1" 304 -
